============================================================
  TRAINING CROP RISK ENCODER
  Device: cuda
  GPU: NVIDIA L40S
  GPU Memory: 47.7 GB
============================================================
Loading data...
  Patches: (21275, 6, 9, 64, 64)
  Aux features: (21275, 20)
  Labels distribution: [10637  6383  4255]
  Device: cuda

Model parameters: 328,070

============================================================
  PHASE 1: SELF-SUPERVISED PRETRAINING
  Task: Predict masked month's NDVI from remaining months
  Epochs: 30
============================================================
  Epoch   1/30 | Train Loss: 0.037785 | Val Loss: 0.142491 | LR: 9.97e-04 ★ saved
  Epoch   5/30 | Train Loss: 0.019671 | Val Loss: 0.080314 | LR: 9.33e-04
  Epoch  10/30 | Train Loss: 0.015752 | Val Loss: 0.081469 | LR: 7.50e-04
  Epoch  15/30 | Train Loss: 0.013891 | Val Loss: 0.089137 | LR: 5.00e-04
  Epoch  20/30 | Train Loss: 0.013252 | Val Loss: 0.065263 | LR: 2.50e-04
  Epoch  25/30 | Train Loss: 0.012198 | Val Loss: 0.076145 | LR: 6.70e-05
  Epoch  30/30 | Train Loss: 0.012272 | Val Loss: 0.064545 | LR: 0.00e+00

  Best validation loss: 0.049308

============================================================
  PHASE 2: RISK CLASSIFICATION FINE-TUNING
  Task: Classify patches as Low/Medium/High risk
  Epochs: 50
============================================================
  Class counts: [10637  6383  4255]
  Class weights: [0.58, 0.97, 1.45]
  Epoch   1/50 | Train Loss: 0.5875 | Val Loss: 0.6305 | Val Acc: 0.748 ★ saved
  Epoch   5/50 | Train Loss: 0.3493 | Val Loss: 0.6896 | Val Acc: 0.791
  Epoch  10/50 | Train Loss: 0.3036 | Val Loss: 1.0208 | Val Acc: 0.638
  Epoch  15/50 | Train Loss: 0.2736 | Val Loss: 0.5444 | Val Acc: 0.802
  Epoch  20/50 | Train Loss: 0.2523 | Val Loss: 0.5561 | Val Acc: 0.811
  Epoch  25/50 | Train Loss: 0.2372 | Val Loss: 1.7782 | Val Acc: 0.781
  Epoch  30/50 | Train Loss: 0.2158 | Val Loss: 0.6727 | Val Acc: 0.811
  Epoch  35/50 | Train Loss: 0.2013 | Val Loss: 1.7577 | Val Acc: 0.790
  Epoch  40/50 | Train Loss: 0.1883 | Val Loss: 0.7046 | Val Acc: 0.840
  Epoch  45/50 | Train Loss: 0.1873 | Val Loss: 3.7097 | Val Acc: 0.695
  Epoch  50/50 | Train Loss: 0.1804 | Val Loss: 1.1099 | Val Acc: 0.828

  Best validation accuracy: 0.852

============================================================
  TRAINING COMPLETE
  Total time: 32.5 minutes
  Models saved to: models
  Next: python scripts/04_inference.py
============================================================
